# JRE version: Java(TM) SE Runtime Environment (8.0_212-b10) (build 1.8.0_212-b10)
# Java VM: Java HotSpot(TM) 64-Bit Server VM (25.212-b10 mixed mode windows-amd64 compressed oops)
Heap:
 PSYoungGen      total 259072K, used 241536K [0x0000000775b80000, 0x0000000786f00000, 0x00000007c0000000)
  eden space 241152K, 100% used [0x0000000775b80000,0x0000000784700000,0x0000000784700000)
  from space 17920K, 2% used [0x0000000785d80000,0x0000000785de0000,0x0000000786f00000)
  to   space 20480K, 38% used [0x0000000784700000,0x0000000784ebeb58,0x0000000785b00000)
 ParOldGen       total 166400K, used 23805K [0x00000006e1200000, 0x00000006eb480000, 0x0000000775b80000)
  object space 166400K, 14% used [0x00000006e1200000,0x00000006e293f7b8,0x00000006eb480000)
 Metaspace       used 39931K, capacity 40814K, committed 40960K, reserved 1085440K
  class space    used 5540K, capacity 5869K, committed 5888K, reserved 1048576K
GC Heap History (10 events):
Event: 4.936 GC heap before
{Heap before GC invocations=10 (full 2):
 PSYoungGen      total 187904K, used 13620K [0x0000000775b80000, 0x0000000782580000, 0x00000007c0000000)
  eden space 169984K, 0% used [0x0000000775b80000,0x0000000775b80000,0x0000000780180000)
  from space 17920K, 76% used [0x0000000781400000,0x000000078214d030,0x0000000782580000)
  to   space 18432K, 0% used [0x0000000780180000,0x0000000780180000,0x0000000781380000)
 ParOldGen       total 98816K, used 14753K [0x00000006e1200000, 0x00000006e7280000, 0x0000000775b80000)
  object space 98816K, 14% used [0x00000006e1200000,0x00000006e2068678,0x00000006e7280000)
 Metaspace       used 34578K, capacity 35354K, committed 35456K, reserved 1079296K
  class space    used 4863K, capacity 5213K, committed 5248K, reserved 1048576K
Event: 4.987 GC heap after
Heap after GC invocations=10 (full 2):
 PSYoungGen      total 187904K, used 0K [0x0000000775b80000, 0x0000000782580000, 0x00000007c0000000)
  eden space 169984K, 0% used [0x0000000775b80000,0x0000000775b80000,0x0000000780180000)
  from space 17920K, 0% used [0x0000000781400000,0x0000000781400000,0x0000000782580000)
  to   space 18432K, 0% used [0x0000000780180000,0x0000000780180000,0x0000000781380000)
 ParOldGen       total 166400K, used 23773K [0x00000006e1200000, 0x00000006eb480000, 0x0000000775b80000)
  object space 166400K, 14% used [0x00000006e1200000,0x00000006e29377b8,0x00000006eb480000)
 Metaspace       used 34578K, capacity 35354K, committed 35456K, reserved 1079296K
  class space    used 4863K, capacity 5213K, committed 5248K, reserved 1048576K
}
Event: 5.481 GC heap before
{Heap before GC invocations=11 (full 2):
 PSYoungGen      total 187904K, used 169984K [0x0000000775b80000, 0x0000000782580000, 0x00000007c0000000)
  eden space 169984K, 100% used [0x0000000775b80000,0x0000000780180000,0x0000000780180000)
  from space 17920K, 0% used [0x0000000781400000,0x0000000781400000,0x0000000782580000)
  to   space 18432K, 0% used [0x0000000780180000,0x0000000780180000,0x0000000781380000)
 ParOldGen       total 166400K, used 23773K [0x00000006e1200000, 0x00000006eb480000, 0x0000000775b80000)
  object space 166400K, 14% used [0x00000006e1200000,0x00000006e29377b8,0x00000006eb480000)
 Metaspace       used 34591K, capacity 35418K, committed 35712K, reserved 1079296K
  class space    used 4865K, capacity 5213K, committed 5248K, reserved 1048576K
Event: 5.482 GC heap after
Heap after GC invocations=11 (full 2):
 PSYoungGen      total 188416K, used 352K [0x0000000775b80000, 0x0000000784f00000, 0x00000007c0000000)
  eden space 169984K, 0% used [0x0000000775b80000,0x0000000775b80000,0x0000000780180000)
  from space 18432K, 1% used [0x0000000780180000,0x00000007801d8000,0x0000000781380000)
  to   space 19968K, 0% used [0x0000000783b80000,0x0000000783b80000,0x0000000784f00000)
 ParOldGen       total 166400K, used 23781K [0x00000006e1200000, 0x00000006eb480000, 0x0000000775b80000)
  object space 166400K, 14% used [0x00000006e1200000,0x00000006e29397b8,0x00000006eb480000)
 Metaspace       used 34591K, capacity 35418K, committed 35712K, reserved 1079296K
  class space    used 4865K, capacity 5213K, committed 5248K, reserved 1048576K
}
Event: 5.961 GC heap before
{Heap before GC invocations=12 (full 2):
 PSYoungGen      total 188416K, used 170336K [0x0000000775b80000, 0x0000000784f00000, 0x00000007c0000000)
  eden space 169984K, 100% used [0x0000000775b80000,0x0000000780180000,0x0000000780180000)
  from space 18432K, 1% used [0x0000000780180000,0x00000007801d8000,0x0000000781380000)
  to   space 19968K, 0% used [0x0000000783b80000,0x0000000783b80000,0x0000000784f00000)
 ParOldGen       total 166400K, used 23781K [0x00000006e1200000, 0x00000006eb480000, 0x0000000775b80000)
  object space 166400K, 14% used [0x00000006e1200000,0x00000006e29397b8,0x00000006eb480000)
 Metaspace       used 34595K, capacity 35424K, committed 35712K, reserved 1079296K
  class space    used 4866K, capacity 5214K, committed 5248K, reserved 1048576K
Event: 5.963 GC heap after
Heap after GC invocations=12 (full 2):
 PSYoungGen      total 222208K, used 398K [0x0000000775b80000, 0x0000000784c00000, 0x00000007c0000000)
  eden space 205312K, 0% used [0x0000000775b80000,0x0000000775b80000,0x0000000782400000)
  from space 16896K, 2% used [0x0000000783b80000,0x0000000783be38e0,0x0000000784c00000)
  to   space 20480K, 0% used [0x0000000782400000,0x0000000782400000,0x0000000783800000)
 ParOldGen       total 166400K, used 23781K [0x00000006e1200000, 0x00000006eb480000, 0x0000000775b80000)
  object space 166400K, 14% used [0x00000006e1200000,0x00000006e29397b8,0x00000006eb480000)
 Metaspace       used 34595K, capacity 35424K, committed 35712K, reserved 1079296K
  class space    used 4866K, capacity 5214K, committed 5248K, reserved 1048576K
}
Event: 6.455 GC heap before
{Heap before GC invocations=13 (full 2):
 PSYoungGen      total 222208K, used 205710K [0x0000000775b80000, 0x0000000784c00000, 0x00000007c0000000)
  eden space 205312K, 100% used [0x0000000775b80000,0x0000000782400000,0x0000000782400000)
  from space 16896K, 2% used [0x0000000783b80000,0x0000000783be38e0,0x0000000784c00000)
  to   space 20480K, 0% used [0x0000000782400000,0x0000000782400000,0x0000000783800000)
 ParOldGen       total 166400K, used 23781K [0x00000006e1200000, 0x00000006eb480000, 0x0000000775b80000)
  object space 166400K, 14% used [0x00000006e1200000,0x00000006e29397b8,0x00000006eb480000)
 Metaspace       used 34644K, capacity 35436K, committed 35712K, reserved 1079296K
  class space    used 4871K, capacity 5216K, committed 5248K, reserved 1048576K
Event: 6.457 GC heap after
Heap after GC invocations=13 (full 2):
 PSYoungGen      total 225792K, used 2496K [0x0000000775b80000, 0x0000000787180000, 0x00000007c0000000)
  eden space 205312K, 0% used [0x0000000775b80000,0x0000000775b80000,0x0000000782400000)
  from space 20480K, 12% used [0x0000000782400000,0x0000000782670020,0x0000000783800000)
  to   space 20480K, 0% used [0x0000000785d80000,0x0000000785d80000,0x0000000787180000)
 ParOldGen       total 166400K, used 23789K [0x00000006e1200000, 0x00000006eb480000, 0x0000000775b80000)
  object space 166400K, 14% used [0x00000006e1200000,0x00000006e293b7b8,0x00000006eb480000)
 Metaspace       used 34644K, capacity 35436K, committed 35712K, reserved 1079296K
  class space    used 4871K, capacity 5216K, committed 5248K, reserved 1048576K
}
Event: 6.855 GC heap before
{Heap before GC invocations=14 (full 2):
 PSYoungGen      total 225792K, used 207808K [0x0000000775b80000, 0x0000000787180000, 0x00000007c0000000)
  eden space 205312K, 100% used [0x0000000775b80000,0x0000000782400000,0x0000000782400000)
  from space 20480K, 12% used [0x0000000782400000,0x0000000782670020,0x0000000783800000)
  to   space 20480K, 0% used [0x0000000785d80000,0x0000000785d80000,0x0000000787180000)
 ParOldGen       total 166400K, used 23789K [0x00000006e1200000, 0x00000006eb480000, 0x0000000775b80000)
  object space 166400K, 14% used [0x00000006e1200000,0x00000006e293b7b8,0x00000006eb480000)
 Metaspace       used 34669K, capacity 35524K, committed 35712K, reserved 1079296K
  class space    used 4874K, capacity 5220K, committed 5248K, reserved 1048576K
Event: 6.857 GC heap after
Heap after GC invocations=14 (full 2):
 PSYoungGen      total 259072K, used 384K [0x0000000775b80000, 0x0000000786f00000, 0x00000007c0000000)
  eden space 241152K, 0% used [0x0000000775b80000,0x0000000775b80000,0x0000000784700000)
  from space 17920K, 2% used [0x0000000785d80000,0x0000000785de0000,0x0000000786f00000)
  to   space 20480K, 0% used [0x0000000784700000,0x0000000784700000,0x0000000785b00000)
 ParOldGen       total 166400K, used 23797K [0x00000006e1200000, 0x00000006eb480000, 0x0000000775b80000)
  object space 166400K, 14% used [0x00000006e1200000,0x00000006e293d7b8,0x00000006eb480000)
 Metaspace       used 34669K, capacity 35524K, committed 35712K, reserved 1079296K
  class space    used 4874K, capacity 5220K, committed 5248K, reserved 1048576K
}

