# JRE version: Java(TM) SE Runtime Environment (8.0_212-b10) (build 1.8.0_212-b10)
# Java VM: Java HotSpot(TM) 64-Bit Server VM (25.212-b10 mixed mode windows-amd64 compressed oops)
Heap:
 PSYoungGen      total 67072K, used 40293K [0x0000000775b80000, 0x000000077c580000, 0x00000007c0000000)
  eden space 57856K, 56% used [0x0000000775b80000,0x0000000777b67cb8,0x0000000779400000)
  from space 9216K, 82% used [0x0000000779400000,0x0000000779b71830,0x0000000779d00000)
  to   space 12288K, 0% used [0x000000077b980000,0x000000077b980000,0x000000077c580000)
 ParOldGen       total 95232K, used 8280K [0x00000006e1200000, 0x00000006e6f00000, 0x0000000775b80000)
  object space 95232K, 8% used [0x00000006e1200000,0x00000006e1a16170,0x00000006e6f00000)
 Metaspace       used 30796K, capacity 31400K, committed 31744K, reserved 1077248K
  class space    used 4312K, capacity 4511K, committed 4608K, reserved 1048576K
GC Heap History (10 events):
Event: 1.729 GC heap before
{Heap before GC invocations=2 (full 0):
 PSYoungGen      total 67072K, used 66495K [0x0000000775b80000, 0x000000077a600000, 0x00000007c0000000)
  eden space 57856K, 100% used [0x0000000775b80000,0x0000000779400000,0x0000000779400000)
  from space 9216K, 93% used [0x0000000779400000,0x0000000779c6fce0,0x0000000779d00000)
  to   space 9216K, 0% used [0x0000000779d00000,0x0000000779d00000,0x000000077a600000)
 ParOldGen       total 153088K, used 16K [0x00000006e1200000, 0x00000006ea780000, 0x0000000775b80000)
  object space 153088K, 0% used [0x00000006e1200000,0x00000006e1204000,0x00000006ea780000)
 Metaspace       used 19728K, capacity 19960K, committed 20096K, reserved 1067008K
  class space    used 2719K, capacity 2832K, committed 2944K, reserved 1048576K
Event: 1.736 GC heap after
Heap after GC invocations=2 (full 0):
 PSYoungGen      total 67072K, used 9201K [0x0000000775b80000, 0x000000077a600000, 0x00000007c0000000)
  eden space 57856K, 0% used [0x0000000775b80000,0x0000000775b80000,0x0000000779400000)
  from space 9216K, 99% used [0x0000000779d00000,0x000000077a5fc770,0x000000077a600000)
  to   space 9216K, 0% used [0x0000000779400000,0x0000000779400000,0x0000000779d00000)
 ParOldGen       total 153088K, used 2194K [0x00000006e1200000, 0x00000006ea780000, 0x0000000775b80000)
  object space 153088K, 1% used [0x00000006e1200000,0x00000006e1424990,0x00000006ea780000)
 Metaspace       used 19728K, capacity 19960K, committed 20096K, reserved 1067008K
  class space    used 2719K, capacity 2832K, committed 2944K, reserved 1048576K
}
Event: 1.936 GC heap before
{Heap before GC invocations=3 (full 0):
 PSYoungGen      total 67072K, used 32662K [0x0000000775b80000, 0x000000077a600000, 0x00000007c0000000)
  eden space 57856K, 40% used [0x0000000775b80000,0x0000000777269208,0x0000000779400000)
  from space 9216K, 99% used [0x0000000779d00000,0x000000077a5fc770,0x000000077a600000)
  to   space 9216K, 0% used [0x0000000779400000,0x0000000779400000,0x0000000779d00000)
 ParOldGen       total 153088K, used 2194K [0x00000006e1200000, 0x00000006ea780000, 0x0000000775b80000)
  object space 153088K, 1% used [0x00000006e1200000,0x00000006e1424990,0x00000006ea780000)
 Metaspace       used 20882K, capacity 21140K, committed 21296K, reserved 1067008K
  class space    used 2869K, capacity 2967K, committed 3072K, reserved 1048576K
Event: 1.943 GC heap after
Heap after GC invocations=3 (full 0):
 PSYoungGen      total 67072K, used 8460K [0x0000000775b80000, 0x000000077a600000, 0x00000007c0000000)
  eden space 57856K, 0% used [0x0000000775b80000,0x0000000775b80000,0x0000000779400000)
  from space 9216K, 91% used [0x0000000779400000,0x0000000779c43148,0x0000000779d00000)
  to   space 9216K, 0% used [0x0000000779d00000,0x0000000779d00000,0x000000077a600000)
 ParOldGen       total 153088K, used 2202K [0x00000006e1200000, 0x00000006ea780000, 0x0000000775b80000)
  object space 153088K, 1% used [0x00000006e1200000,0x00000006e1426990,0x00000006ea780000)
 Metaspace       used 20882K, capacity 21140K, committed 21296K, reserved 1067008K
  class space    used 2869K, capacity 2967K, committed 3072K, reserved 1048576K
}
Event: 1.943 GC heap before
{Heap before GC invocations=4 (full 1):
 PSYoungGen      total 67072K, used 8460K [0x0000000775b80000, 0x000000077a600000, 0x00000007c0000000)
  eden space 57856K, 0% used [0x0000000775b80000,0x0000000775b80000,0x0000000779400000)
  from space 9216K, 91% used [0x0000000779400000,0x0000000779c43148,0x0000000779d00000)
  to   space 9216K, 0% used [0x0000000779d00000,0x0000000779d00000,0x000000077a600000)
 ParOldGen       total 153088K, used 2202K [0x00000006e1200000, 0x00000006ea780000, 0x0000000775b80000)
  object space 153088K, 1% used [0x00000006e1200000,0x00000006e1426990,0x00000006ea780000)
 Metaspace       used 20882K, capacity 21140K, committed 21296K, reserved 1067008K
  class space    used 2869K, capacity 2967K, committed 3072K, reserved 1048576K
Event: 1.969 GC heap after
Heap after GC invocations=4 (full 1):
 PSYoungGen      total 67072K, used 0K [0x0000000775b80000, 0x000000077a600000, 0x00000007c0000000)
  eden space 57856K, 0% used [0x0000000775b80000,0x0000000775b80000,0x0000000779400000)
  from space 9216K, 0% used [0x0000000779400000,0x0000000779400000,0x0000000779d00000)
  to   space 9216K, 0% used [0x0000000779d00000,0x0000000779d00000,0x000000077a600000)
 ParOldGen       total 95232K, used 8192K [0x00000006e1200000, 0x00000006e6f00000, 0x0000000775b80000)
  object space 95232K, 8% used [0x00000006e1200000,0x00000006e1a00160,0x00000006e6f00000)
 Metaspace       used 20882K, capacity 21140K, committed 21296K, reserved 1067008K
  class space    used 2869K, capacity 2967K, committed 3072K, reserved 1048576K
}
Event: 2.601 GC heap before
{Heap before GC invocations=5 (full 1):
 PSYoungGen      total 67072K, used 57856K [0x0000000775b80000, 0x000000077a600000, 0x00000007c0000000)
  eden space 57856K, 100% used [0x0000000775b80000,0x0000000779400000,0x0000000779400000)
  from space 9216K, 0% used [0x0000000779400000,0x0000000779400000,0x0000000779d00000)
  to   space 9216K, 0% used [0x0000000779d00000,0x0000000779d00000,0x000000077a600000)
 ParOldGen       total 95232K, used 8192K [0x00000006e1200000, 0x00000006e6f00000, 0x0000000775b80000)
  object space 95232K, 8% used [0x00000006e1200000,0x00000006e1a00160,0x00000006e6f00000)
 Metaspace       used 26208K, capacity 26630K, committed 26880K, reserved 1073152K
  class space    used 3573K, capacity 3754K, committed 3840K, reserved 1048576K
Event: 2.604 GC heap after
Heap after GC invocations=5 (full 1):
 PSYoungGen      total 67072K, used 5303K [0x0000000775b80000, 0x000000077c280000, 0x00000007c0000000)
  eden space 57856K, 0% used [0x0000000775b80000,0x0000000775b80000,0x0000000779400000)
  from space 9216K, 57% used [0x0000000779d00000,0x000000077a22df08,0x000000077a600000)
  to   space 9216K, 0% used [0x0000000779400000,0x0000000779400000,0x0000000779d00000)
 ParOldGen       total 95232K, used 8272K [0x00000006e1200000, 0x00000006e6f00000, 0x0000000775b80000)
  object space 95232K, 8% used [0x00000006e1200000,0x00000006e1a14170,0x00000006e6f00000)
 Metaspace       used 26208K, capacity 26630K, committed 26880K, reserved 1073152K
  class space    used 3573K, capacity 3754K, committed 3840K, reserved 1048576K
}
Event: 3.754 GC heap before
{Heap before GC invocations=6 (full 1):
 PSYoungGen      total 67072K, used 63159K [0x0000000775b80000, 0x000000077c280000, 0x00000007c0000000)
  eden space 57856K, 100% used [0x0000000775b80000,0x0000000779400000,0x0000000779400000)
  from space 9216K, 57% used [0x0000000779d00000,0x000000077a22df08,0x000000077a600000)
  to   space 9216K, 0% used [0x0000000779400000,0x0000000779400000,0x0000000779d00000)
 ParOldGen       total 95232K, used 8272K [0x00000006e1200000, 0x00000006e6f00000, 0x0000000775b80000)
  object space 95232K, 8% used [0x00000006e1200000,0x00000006e1a14170,0x00000006e6f00000)
 Metaspace       used 30028K, capacity 30586K, committed 30848K, reserved 1075200K
  class space    used 4205K, capacity 4385K, committed 4480K, reserved 1048576K
Event: 3.758 GC heap after
Heap after GC invocations=6 (full 1):
 PSYoungGen      total 67072K, used 7622K [0x0000000775b80000, 0x000000077c580000, 0x00000007c0000000)
  eden space 57856K, 0% used [0x0000000775b80000,0x0000000775b80000,0x0000000779400000)
  from space 9216K, 82% used [0x0000000779400000,0x0000000779b71830,0x0000000779d00000)
  to   space 12288K, 0% used [0x000000077b980000,0x000000077b980000,0x000000077c580000)
 ParOldGen       total 95232K, used 8280K [0x00000006e1200000, 0x00000006e6f00000, 0x0000000775b80000)
  object space 95232K, 8% used [0x00000006e1200000,0x00000006e1a16170,0x00000006e6f00000)
 Metaspace       used 30028K, capacity 30586K, committed 30848K, reserved 1075200K
  class space    used 4205K, capacity 4385K, committed 4480K, reserved 1048576K
}

